This is pdfTeX, Version 3.141592653-2.6-1.40.22 (TeX Live 2022/dev/Debian) (preloaded format=pdflatex 2022.6.7)  25 JUN 2022 01:43
entering extended mode
 restricted \write18 enabled.
 %&-line parsing enabled.
**conference_101719.tex
(./conference_101719.tex
LaTeX2e <2021-11-15> patch level 1
L3 programming layer <2022-01-21> (./IEEEtran.cls
Document Class: IEEEtran 2015/08/26 V1.8b by Michael Shell
-- See the "IEEEtran_HOWTO" manual for usage information.
-- http://www.michaelshell.org/tex/ieeetran/
\@IEEEtrantmpdimenA=\dimen138
\@IEEEtrantmpdimenB=\dimen139
\@IEEEtrantmpdimenC=\dimen140
\@IEEEtrantmpcountA=\count185
\@IEEEtrantmpcountB=\count186
\@IEEEtrantmpcountC=\count187
\@IEEEtrantmptoksA=\toks16
LaTeX Font Info:    Trying to load font information for OT1+ptm on input line 5
03.
(/usr/share/texlive/texmf-dist/tex/latex/psnfss/ot1ptm.fd
File: ot1ptm.fd 2001/06/04 font definitions for OT1/ptm.
)
-- Using 8.5in x 11in (letter) paper.
-- Using PDF output.
\@IEEEnormalsizeunitybaselineskip=\dimen141
-- This is a 10 point document.
\CLASSINFOnormalsizebaselineskip=\dimen142
\CLASSINFOnormalsizeunitybaselineskip=\dimen143
\IEEEnormaljot=\dimen144
LaTeX Font Info:    Font shape `OT1/ptm/bx/n' in size <5> not available
(Font)              Font shape `OT1/ptm/b/n' tried instead on input line 1090.
LaTeX Font Info:    Font shape `OT1/ptm/bx/it' in size <5> not available
(Font)              Font shape `OT1/ptm/b/it' tried instead on input line 1090.

LaTeX Font Info:    Font shape `OT1/ptm/bx/n' in size <7> not available
(Font)              Font shape `OT1/ptm/b/n' tried instead on input line 1090.
LaTeX Font Info:    Font shape `OT1/ptm/bx/it' in size <7> not available
(Font)              Font shape `OT1/ptm/b/it' tried instead on input line 1090.

LaTeX Font Info:    Font shape `OT1/ptm/bx/n' in size <8> not available
(Font)              Font shape `OT1/ptm/b/n' tried instead on input line 1090.
LaTeX Font Info:    Font shape `OT1/ptm/bx/it' in size <8> not available
(Font)              Font shape `OT1/ptm/b/it' tried instead on input line 1090.

LaTeX Font Info:    Font shape `OT1/ptm/bx/n' in size <9> not available
(Font)              Font shape `OT1/ptm/b/n' tried instead on input line 1090.
LaTeX Font Info:    Font shape `OT1/ptm/bx/it' in size <9> not available
(Font)              Font shape `OT1/ptm/b/it' tried instead on input line 1090.

LaTeX Font Info:    Font shape `OT1/ptm/bx/n' in size <10> not available
(Font)              Font shape `OT1/ptm/b/n' tried instead on input line 1090.
LaTeX Font Info:    Font shape `OT1/ptm/bx/it' in size <10> not available
(Font)              Font shape `OT1/ptm/b/it' tried instead on input line 1090.

LaTeX Font Info:    Font shape `OT1/ptm/bx/n' in size <11> not available
(Font)              Font shape `OT1/ptm/b/n' tried instead on input line 1090.
LaTeX Font Info:    Font shape `OT1/ptm/bx/it' in size <11> not available
(Font)              Font shape `OT1/ptm/b/it' tried instead on input line 1090.

LaTeX Font Info:    Font shape `OT1/ptm/bx/n' in size <12> not available
(Font)              Font shape `OT1/ptm/b/n' tried instead on input line 1090.
LaTeX Font Info:    Font shape `OT1/ptm/bx/it' in size <12> not available
(Font)              Font shape `OT1/ptm/b/it' tried instead on input line 1090.

LaTeX Font Info:    Font shape `OT1/ptm/bx/n' in size <17> not available
(Font)              Font shape `OT1/ptm/b/n' tried instead on input line 1090.
LaTeX Font Info:    Font shape `OT1/ptm/bx/it' in size <17> not available
(Font)              Font shape `OT1/ptm/b/it' tried instead on input line 1090.

LaTeX Font Info:    Font shape `OT1/ptm/bx/n' in size <20> not available
(Font)              Font shape `OT1/ptm/b/n' tried instead on input line 1090.
LaTeX Font Info:    Font shape `OT1/ptm/bx/it' in size <20> not available
(Font)              Font shape `OT1/ptm/b/it' tried instead on input line 1090.

LaTeX Font Info:    Font shape `OT1/ptm/bx/n' in size <24> not available
(Font)              Font shape `OT1/ptm/b/n' tried instead on input line 1090.
LaTeX Font Info:    Font shape `OT1/ptm/bx/it' in size <24> not available
(Font)              Font shape `OT1/ptm/b/it' tried instead on input line 1090.

\IEEEquantizedlength=\dimen145
\IEEEquantizedlengthdiff=\dimen146
\IEEEquantizedtextheightdiff=\dimen147
\IEEEilabelindentA=\dimen148
\IEEEilabelindentB=\dimen149
\IEEEilabelindent=\dimen150
\IEEEelabelindent=\dimen151
\IEEEdlabelindent=\dimen152
\IEEElabelindent=\dimen153
\IEEEiednormlabelsep=\dimen154
\IEEEiedmathlabelsep=\dimen155
\IEEEiedtopsep=\skip47
\c@section=\count188
\c@subsection=\count189
\c@subsubsection=\count190
\c@paragraph=\count191
\c@IEEEsubequation=\count192
\abovecaptionskip=\skip48
\belowcaptionskip=\skip49
\c@figure=\count193
\c@table=\count194
\@IEEEeqnnumcols=\count195
\@IEEEeqncolcnt=\count196
\@IEEEsubeqnnumrollback=\count197
\@IEEEquantizeheightA=\dimen156
\@IEEEquantizeheightB=\dimen157
\@IEEEquantizeheightC=\dimen158
\@IEEEquantizeprevdepth=\dimen159
\@IEEEquantizemultiple=\count198
\@IEEEquantizeboxA=\box50
\@IEEEtmpitemindent=\dimen160
\IEEEPARstartletwidth=\dimen161
\c@IEEEbiography=\count199
\@IEEEtranrubishbin=\box51
)
** ATTENTION: Overriding command lockouts (line 2).
(/usr/share/texlive/texmf-dist/tex/latex/cite/cite.sty
LaTeX Info: Redefining \cite on input line 302.
LaTeX Info: Redefining \nocite on input line 332.
Package: cite 2015/02/27  v 5.5
)
(/usr/share/texlive/texmf-dist/tex/latex/amsmath/amsmath.sty
Package: amsmath 2021/10/15 v2.17l AMS math features
\@mathmargin=\skip50

For additional information on amsmath, use the `?' option.
(/usr/share/texlive/texmf-dist/tex/latex/amsmath/amstext.sty
Package: amstext 2021/08/26 v2.01 AMS text

(/usr/share/texlive/texmf-dist/tex/latex/amsmath/amsgen.sty
File: amsgen.sty 1999/11/30 v2.0 generic functions
\@emptytoks=\toks17
\ex@=\dimen162
))
(/usr/share/texlive/texmf-dist/tex/latex/amsmath/amsbsy.sty
Package: amsbsy 1999/11/29 v1.2d Bold Symbols
\pmbraise@=\dimen163
)
(/usr/share/texlive/texmf-dist/tex/latex/amsmath/amsopn.sty
Package: amsopn 2021/08/26 v2.02 operator names
)
\inf@bad=\count266
LaTeX Info: Redefining \frac on input line 234.
\uproot@=\count267
\leftroot@=\count268
LaTeX Info: Redefining \overline on input line 399.
\classnum@=\count269
\DOTSCASE@=\count270
LaTeX Info: Redefining \ldots on input line 496.
LaTeX Info: Redefining \dots on input line 499.
LaTeX Info: Redefining \cdots on input line 620.
\Mathstrutbox@=\box52
\strutbox@=\box53
\big@size=\dimen164
LaTeX Font Info:    Redeclaring font encoding OML on input line 743.
LaTeX Font Info:    Redeclaring font encoding OMS on input line 744.
\macc@depth=\count271
\c@MaxMatrixCols=\count272
\dotsspace@=\muskip16
\c@parentequation=\count273
\dspbrk@lvl=\count274
\tag@help=\toks18
\row@=\count275
\column@=\count276
\maxfields@=\count277
\andhelp@=\toks19
\eqnshift@=\dimen165
\alignsep@=\dimen166
\tagshift@=\dimen167
\tagwidth@=\dimen168
\totwidth@=\dimen169
\lineht@=\dimen170
\@envbody=\toks20
\multlinegap=\skip51
\multlinetaggap=\skip52
\mathdisplay@stack=\toks21
LaTeX Info: Redefining \[ on input line 2938.
LaTeX Info: Redefining \] on input line 2939.
)
(/usr/share/texlive/texmf-dist/tex/latex/amsfonts/amssymb.sty
Package: amssymb 2013/01/14 v3.01 AMS font symbols

(/usr/share/texlive/texmf-dist/tex/latex/amsfonts/amsfonts.sty
Package: amsfonts 2013/01/14 v3.01 Basic AMSFonts support
\symAMSa=\mathgroup4
\symAMSb=\mathgroup5
LaTeX Font Info:    Redeclaring math symbol \hbar on input line 98.
LaTeX Font Info:    Overwriting math alphabet `\mathfrak' in version `bold'
(Font)                  U/euf/m/n --> U/euf/b/n on input line 106.
))
(/usr/share/texlive/texmf-dist/tex/latex/algorithms/algorithmic.sty
Package: algorithmic 2009/08/24 v0.1 Document Style `algorithmic'

(/usr/share/texlive/texmf-dist/tex/latex/base/ifthen.sty
Package: ifthen 2020/11/24 v1.1c Standard LaTeX ifthen package (DPC)
)
(/usr/share/texlive/texmf-dist/tex/latex/graphics/keyval.sty
Package: keyval 2014/10/28 v1.15 key=value parser (DPC)
\KV@toks@=\toks22
)
\c@ALC@unique=\count278
\c@ALC@line=\count279
\c@ALC@rem=\count280
\c@ALC@depth=\count281
\ALC@tlm=\skip53
\algorithmicindent=\skip54
)
(/usr/share/texlive/texmf-dist/tex/latex/graphics/graphicx.sty
Package: graphicx 2021/09/16 v1.2d Enhanced LaTeX Graphics (DPC,SPQR)

(/usr/share/texlive/texmf-dist/tex/latex/graphics/graphics.sty
Package: graphics 2021/03/04 v1.4d Standard LaTeX Graphics (DPC,SPQR)

(/usr/share/texlive/texmf-dist/tex/latex/graphics/trig.sty
Package: trig 2021/08/11 v1.11 sin cos tan (DPC)
)
(/usr/share/texlive/texmf-dist/tex/latex/graphics-cfg/graphics.cfg
File: graphics.cfg 2016/06/04 v1.11 sample graphics configuration
)
Package graphics Info: Driver file: pdftex.def on input line 107.

(/usr/share/texlive/texmf-dist/tex/latex/graphics-def/pdftex.def
File: pdftex.def 2020/10/05 v1.2a Graphics/color driver for pdftex
))
\Gin@req@height=\dimen171
\Gin@req@width=\dimen172
)
(/usr/share/texlive/texmf-dist/tex/latex/base/textcomp.sty
Package: textcomp 2020/02/02 v2.0n Standard LaTeX package
)
(/usr/share/texlive/texmf-dist/tex/latex/xcolor/xcolor.sty
Package: xcolor 2021/10/31 v2.13 LaTeX color extensions (UK)

(/usr/share/texlive/texmf-dist/tex/latex/graphics-cfg/color.cfg
File: color.cfg 2016/01/02 v1.6 sample color configuration
)
Package xcolor Info: Driver file: pdftex.def on input line 227.
Package xcolor Info: Model `cmy' substituted by `cmy0' on input line 1352.
Package xcolor Info: Model `hsb' substituted by `rgb' on input line 1356.
Package xcolor Info: Model `RGB' extended on input line 1368.
Package xcolor Info: Model `HTML' substituted by `rgb' on input line 1370.
Package xcolor Info: Model `Hsb' substituted by `hsb' on input line 1371.
Package xcolor Info: Model `tHsb' substituted by `hsb' on input line 1372.
Package xcolor Info: Model `HSB' substituted by `hsb' on input line 1373.
Package xcolor Info: Model `Gray' substituted by `gray' on input line 1374.
Package xcolor Info: Model `wave' substituted by `hsb' on input line 1375.
)
(/usr/share/texlive/texmf-dist/tex/latex/l3backend/l3backend-pdftex.def
File: l3backend-pdftex.def 2022-01-12 L3 backend support: PDF output (pdfTeX)
\l__color_backend_stack_int=\count282
\l__pdf_internal_box=\box54
)
(./conference_101719.aux

LaTeX Warning: Label `fig' multiply defined.


LaTeX Warning: Label `fig' multiply defined.


LaTeX Warning: Label `fig' multiply defined.


LaTeX Warning: Label `fig' multiply defined.


LaTeX Warning: Label `fig' multiply defined.


LaTeX Warning: Label `fig' multiply defined.


LaTeX Warning: Label `fig' multiply defined.


LaTeX Warning: Label `fig' multiply defined.


LaTeX Warning: Label `fig' multiply defined.


LaTeX Warning: Label `fig' multiply defined.


LaTeX Warning: Label `fig' multiply defined.


LaTeX Warning: Label `fig' multiply defined.


LaTeX Warning: Label `fig' multiply defined.


LaTeX Warning: Label `fig' multiply defined.


LaTeX Warning: Label `fig' multiply defined.


LaTeX Warning: Label `fig' multiply defined.

)
\openout1 = `conference_101719.aux'.

LaTeX Font Info:    Checking defaults for OML/cmm/m/it on input line 12.
LaTeX Font Info:    ... okay on input line 12.
LaTeX Font Info:    Checking defaults for OMS/cmsy/m/n on input line 12.
LaTeX Font Info:    ... okay on input line 12.
LaTeX Font Info:    Checking defaults for OT1/cmr/m/n on input line 12.
LaTeX Font Info:    ... okay on input line 12.
LaTeX Font Info:    Checking defaults for T1/cmr/m/n on input line 12.
LaTeX Font Info:    ... okay on input line 12.
LaTeX Font Info:    Checking defaults for TS1/cmr/m/n on input line 12.
LaTeX Font Info:    ... okay on input line 12.
LaTeX Font Info:    Checking defaults for OMX/cmex/m/n on input line 12.
LaTeX Font Info:    ... okay on input line 12.
LaTeX Font Info:    Checking defaults for U/cmr/m/n on input line 12.
LaTeX Font Info:    ... okay on input line 12.

-- Lines per column: 56 (exact).
(/usr/share/texlive/texmf-dist/tex/context/base/mkii/supp-pdf.mkii
[Loading MPS to PDF converter (version 2006.09.02).]
\scratchcounter=\count283
\scratchdimen=\dimen173
\scratchbox=\box55
\nofMPsegments=\count284
\nofMParguments=\count285
\everyMPshowfont=\toks23
\MPscratchCnt=\count286
\MPscratchDim=\dimen174
\MPnumerator=\count287
\makeMPintoPDFobject=\count288
\everyMPtoPDFconversion=\toks24
) (/usr/share/texlive/texmf-dist/tex/latex/epstopdf-pkg/epstopdf-base.sty
Package: epstopdf-base 2020-01-24 v2.11 Base part for package epstopdf
Package epstopdf-base Info: Redefining graphics rule for `.eps' on input line 4
85.

(/usr/share/texlive/texmf-dist/tex/latex/latexconfig/epstopdf-sys.cfg
File: epstopdf-sys.cfg 2010/07/13 v1.3 Configuration of (r)epstopdf for TeX Liv
e
))
LaTeX Font Info:    Trying to load font information for U+msa on input line 38.


(/usr/share/texlive/texmf-dist/tex/latex/amsfonts/umsa.fd
File: umsa.fd 2013/01/14 v3.01 AMS symbols A
)
LaTeX Font Info:    Trying to load font information for U+msb on input line 38.


(/usr/share/texlive/texmf-dist/tex/latex/amsfonts/umsb.fd
File: umsb.fd 2013/01/14 v3.01 AMS symbols B
)
LaTeX Font Info:    Calculating math sizes for size <11> on input line 38.
 [1{/var/lib/texmf/fonts/map/pdftex/updmap/pdftex.map}


]
Underfull \hbox (badness 10000) in paragraph at lines 76--78

 []

<sequp.png, id=10, 661.47125pt x 377.41pt>
File: sequp.png Graphic file (type png)
<use sequp.png>
Package pdftex.def Info: sequp.png  used on input line 98.
(pdftex.def)             Requested size: 252.0pt x 143.78009pt.
<seqin.png, id=12, 705.63625pt x 377.41pt>
File: seqin.png Graphic file (type png)
<use seqin.png>
Package pdftex.def Info: seqin.png  used on input line 103.
(pdftex.def)             Requested size: 252.0pt x 134.77907pt.
<useup.png, id=13, 533.995pt x 524.96124pt>
File: useup.png Graphic file (type png)
<use useup.png>
Package pdftex.def Info: useup.png  used on input line 108.
(pdftex.def)             Requested size: 252.0pt x 247.7411pt.
<usein.png, id=14, 533.995pt x 524.96124pt>
File: usein.png Graphic file (type png)
<use usein.png>
Package pdftex.def Info: usein.png  used on input line 113.
(pdftex.def)             Requested size: 252.0pt x 247.7411pt.
<signup.png, id=15, 431.6125pt x 723.70375pt>
File: signup.png Graphic file (type png)
<use signup.png>
Package pdftex.def Info: signup.png  used on input line 119.
(pdftex.def)             Requested size: 201.60077pt x 338.03163pt.
<sigin.png, id=16, 431.6125pt x 723.70375pt>
File: sigin.png Graphic file (type png)
<use sigin.png>
Package pdftex.def Info: sigin.png  used on input line 124.
(pdftex.def)             Requested size: 201.60077pt x 338.03163pt.
<metho.png, id=17, 694.595pt x 664.4825pt>
File: metho.png Graphic file (type png)
<use metho.png>
Package pdftex.def Info: metho.png  used on input line 129.
(pdftex.def)             Requested size: 252.0pt x 241.07912pt.
<biometric.png, id=18, 1277.77374pt x 461.725pt>
File: biometric.png Graphic file (type png)
<use biometric.png>
Package pdftex.def Info: biometric.png  used on input line 134.
(pdftex.def)             Requested size: 252.0pt x 91.05406pt.
<signupbiometric.jpeg, id=19, 542.025pt x 1210.5225pt>
File: signupbiometric.jpeg Graphic file (type jpg)
<use signupbiometric.jpeg>
Package pdftex.def Info: signupbiometric.jpeg  used on input line 141.
(pdftex.def)             Requested size: 100.79846pt x 225.10683pt.
<emaillog.jpeg, id=20, 542.025pt x 1210.5225pt>
File: emaillog.jpeg Graphic file (type jpg)
<use emaillog.jpeg>
Package pdftex.def Info: emaillog.jpeg  used on input line 146.
(pdftex.def)             Requested size: 100.79846pt x 225.10683pt.
<enrollface.jpeg, id=21, 542.025pt x 1210.5225pt>
File: enrollface.jpeg Graphic file (type jpg)
<use enrollface.jpeg>
Package pdftex.def Info: enrollface.jpeg  used on input line 151.
(pdftex.def)             Requested size: 100.79846pt x 225.10683pt.
<enrollvoice.jpeg, id=22, 542.025pt x 1210.5225pt>
File: enrollvoice.jpeg Graphic file (type jpg)
<use enrollvoice.jpeg>
Package pdftex.def Info: enrollvoice.jpeg  used on input line 156.
(pdftex.def)             Requested size: 100.79846pt x 225.10683pt.
<finger.jpeg, id=23, 510.90875pt x 1107.13625pt>
File: finger.jpeg Graphic file (type jpg)
<use finger.jpeg>
Package pdftex.def Info: finger.jpeg  used on input line 161.
(pdftex.def)             Requested size: 100.79846pt x 218.41628pt.
<sucesenrollall.jpeg, id=24, 542.025pt x 1210.5225pt>
File: sucesenrollall.jpeg Graphic file (type jpg)
<use sucesenrollall.jpeg>
Package pdftex.def Info: sucesenrollall.jpeg  used on input line 166.
(pdftex.def)             Requested size: 100.79846pt x 225.10683pt.
<verifyvoice.jpeg, id=25, 542.025pt x 1210.5225pt>
File: verifyvoice.jpeg Graphic file (type jpg)
<use verifyvoice.jpeg>
Package pdftex.def Info: verifyvoice.jpeg  used on input line 171.
(pdftex.def)             Requested size: 100.79846pt x 225.10683pt.
<allverify.jpeg, id=26, 542.025pt x 1210.5225pt>
File: allverify.jpeg Graphic file (type jpg)
<use allverify.jpeg>
Package pdftex.def Info: allverify.jpeg  used on input line 176.
(pdftex.def)             Requested size: 100.79846pt x 225.10683pt.
<Homepage.jpeg, id=27, 542.025pt x 1210.5225pt>
File: Homepage.jpeg Graphic file (type jpg)
<use Homepage.jpeg>
Package pdftex.def Info: Homepage.jpeg  used on input line 181.
(pdftex.def)             Requested size: 100.79846pt x 225.10683pt.
<homepage2.jpeg, id=28, 542.025pt x 1210.5225pt>
File: homepage2.jpeg Graphic file (type jpg)
<use homepage2.jpeg>
Package pdftex.def Info: homepage2.jpeg  used on input line 187.
(pdftex.def)             Requested size: 100.79846pt x 225.10683pt.
! Undefined control sequence.
l.193 \afterpage
                {\clearpage}
The control sequence at the end of the top line
of your error message was never \def'ed. If you have
misspelled it (e.g., `\hobx'), type `I' and the correct
spelling (e.g., `I\hbox'). Otherwise just continue,
and I'll forget about whatever was undefined.

[2 <./sequp.png>] [3 <./seqin.png> <./useup.png> <./usein.png> <./signup.png>]
[4 <./sigin.png> <./metho.png> <./biometric.png> <./signupbiometric.jpeg> <./em
aillog.jpeg>] [5 <./enrollface.jpeg> <./enrollvoice.jpeg> <./finger.jpeg> <./su
cesenrollall.jpeg>] [6 <./verifyvoice.jpeg> <./allverify.jpeg> <./Homepage.jpeg
> <./homepage2.jpeg>]
Underfull \hbox (badness 1515) in paragraph at lines 230--231
[]\OT1/ptm/m/n/10 5. We will im-porve the database pro-tec-tion and use
 []


** Conference Paper **
Before submitting the final camera ready copy, remember to:

 1. Manually equalize the lengths of two columns on the last page
 of your paper;

 2. Ensure that any PostScript and/or PDF output post-processing
 uses only Type 1 fonts and that every step in the generation
 process uses the appropriate paper size.

[7

] (./conference_101719.aux)

LaTeX Warning: There were multiply-defined labels.

 ) 
Here is how much of TeX's memory you used:
 4294 strings out of 480171
 66660 string characters out of 5894490
 371981 words of memory out of 5000000
 22198 multiletter control sequences out of 15000+600000
 509459 words of font info for 112 fonts, out of 8000000 for 9000
 59 hyphenation exceptions out of 8191
 55i,11n,62p,1008b,303s stack positions out of 5000i,500n,10000p,200000b,80000s
{/usr/share/texlive/texmf-dist/fonts/enc/dvips/base/8r.enc}</usr/share/texliv
e/texmf-dist/fonts/type1/public/amsfonts/cm/cmsy7.pfb></usr/share/texlive/texmf
-dist/fonts/type1/urw/times/utmb8a.pfb></usr/share/texlive/texmf-dist/fonts/typ
e1/urw/times/utmbi8a.pfb></usr/share/texlive/texmf-dist/fonts/type1/urw/times/u
tmr8a.pfb></usr/share/texlive/texmf-dist/fonts/type1/urw/times/utmri8a.pfb>
Output written on conference_101719.pdf (7 pages, 780820 bytes).
PDF statistics:
 81 PDF objects out of 1000 (max. 8388607)
 35 compressed objects within 1 object stream
 0 named destinations out of 1000 (max. 500000)
 91 words of extra memory for PDF output out of 10000 (max. 10000000)

